<?xml version="1.0" encoding="UTF-8"?>
<!-- Generated by org.testng.reporters.JUnitXMLReporter -->
<testsuite ignored="0" hostname="192.168.1.5" failures="0" tests="2" name="Bitgo automation suite" time="26.278" errors="0" timestamp="2024-11-23T22:30:28 IST">
  <testcase classname="in.bitgo.bitcoin_tnx.BlocksDashBoard" name="tnxHashMatch" time="2.369"/>
  <testcase classname="in.bitgo.bitcoin_tnx.BlocksDashBoard" name="validateHeading" time="0.032"/>
</testsuite> <!-- Bitgo automation suite -->
