<?xml version="1.0" encoding="UTF-8"?>
<testng-results ignored="0" total="2" passed="2" failed="0" skipped="0">
  <reporter-output>
  </reporter-output>
  <suite started-at="2024-11-23T22:30:02 IST" name="Suite" finished-at="2024-11-23T22:30:28 IST" duration-ms="26278">
    <groups>
    </groups>
    <test started-at="2024-11-23T22:30:02 IST" name="Bitgo automation suite" finished-at="2024-11-23T22:30:28 IST" duration-ms="26278">
      <class name="in.bitgo.bitcoin_tnx.BlocksDashBoard">
        <test-method is-config="true" signature="baseSetup()[pri:0, instance:in.bitgo.bitcoin_tnx.BlocksDashBoard@659499f1]" started-at="2024-11-23T22:30:02 IST" name="baseSetup" finished-at="2024-11-23T22:30:26 IST" duration-ms="23665" status="PASS">
          <reporter-output>
          </reporter-output>
        </test-method> <!-- baseSetup -->
        <test-method signature="tnxHashMatch()[pri:0, instance:in.bitgo.bitcoin_tnx.BlocksDashBoard@659499f1]" started-at="2024-11-23T22:30:26 IST" name="tnxHashMatch" finished-at="2024-11-23T22:30:28 IST" duration-ms="2369" status="PASS">
          <reporter-output>
          </reporter-output>
        </test-method> <!-- tnxHashMatch -->
        <test-method signature="validateHeading()[pri:0, instance:in.bitgo.bitcoin_tnx.BlocksDashBoard@659499f1]" started-at="2024-11-23T22:30:28 IST" name="validateHeading" finished-at="2024-11-23T22:30:28 IST" duration-ms="32" status="PASS">
          <reporter-output>
          </reporter-output>
        </test-method> <!-- validateHeading -->
        <test-method is-config="true" signature="closeSetup()[pri:0, instance:in.bitgo.bitcoin_tnx.BlocksDashBoard@659499f1]" started-at="2024-11-23T22:30:28 IST" name="closeSetup" finished-at="2024-11-23T22:30:28 IST" duration-ms="138" status="PASS">
          <reporter-output>
          </reporter-output>
        </test-method> <!-- closeSetup -->
      </class> <!-- in.bitgo.bitcoin_tnx.BlocksDashBoard -->
    </test> <!-- Bitgo automation suite -->
  </suite> <!-- Suite -->
</testng-results>
